0 info it worked if it ends with ok
1 verbose cli [ '/usr/local/bin/node', '/usr/local/bin/npm', 'install' ]
2 info using npm@3.3.12
3 info using node@v5.5.0
4 silly loadCurrentTree Starting
5 silly install loadCurrentTree
6 silly install readLocalPackageData
7 silly install normalizeTree
8 silly loadCurrentTree Finishing
9 silly loadIdealTree Starting
10 silly install loadIdealTree
11 silly cloneCurrentTree Starting
12 silly install cloneCurrentTreeToIdealTree
13 silly cloneCurrentTree Finishing
14 silly loadShrinkwrap Starting
15 silly install loadShrinkwrap
16 silly loadShrinkwrap Finishing
17 silly loadAllDepsIntoIdealTree Starting
18 silly install loadAllDepsIntoIdealTree
19 silly fetchNamedPackageData node-jsx
20 silly mapToRegistry name node-jsx
21 silly mapToRegistry using default registry
22 silly mapToRegistry registry https://registry.npmjs.org/
23 silly mapToRegistry uri https://registry.npmjs.org/node-jsx
24 verbose request uri https://registry.npmjs.org/node-jsx
25 verbose request no auth needed
26 info attempt registry request try #1 at 14:31:56
27 verbose request using bearer token for auth
28 verbose request id aa4cd000a23a6a17
29 verbose etag "1Z6F4YE73XFA9QF7PTACB2V0M"
30 http request GET https://registry.npmjs.org/node-jsx
31 http 304 https://registry.npmjs.org/node-jsx
32 verbose headers { 'cache-control': 'max-age=300',
32 verbose headers   'accept-ranges': 'bytes',
32 verbose headers   date: 'Tue, 01 Mar 2016 12:31:56 GMT',
32 verbose headers   via: '1.1 varnish',
32 verbose headers   connection: 'keep-alive',
32 verbose headers   'x-served-by': 'cache-fra1242-FRA',
32 verbose headers   'x-cache': 'MISS',
32 verbose headers   'x-cache-hits': '0',
32 verbose headers   'x-timer': 'S1456835516.451287,VS0,VE101' }
33 silly get cb [ 304,
33 silly get   { 'cache-control': 'max-age=300',
33 silly get     'accept-ranges': 'bytes',
33 silly get     date: 'Tue, 01 Mar 2016 12:31:56 GMT',
33 silly get     via: '1.1 varnish',
33 silly get     connection: 'keep-alive',
33 silly get     'x-served-by': 'cache-fra1242-FRA',
33 silly get     'x-cache': 'MISS',
33 silly get     'x-cache-hits': '0',
33 silly get     'x-timer': 'S1456835516.451287,VS0,VE101' } ]
34 verbose etag https://registry.npmjs.org/node-jsx from cache
35 verbose get saving node-jsx to /home/admins/.npm/registry.npmjs.org/node-jsx/.cache.json
36 silly fetchPackageMetaData Error: No compatible version found: node-jsx@#e01880b2a724c6d50d1de127b7ed97117ad38123
36 silly fetchPackageMetaData Valid install targets:
36 silly fetchPackageMetaData 0.13.3, 0.13.2, 0.12.4, 0.12.3, 0.12.2, 0.12.1, 0.12.0, 0.11.0, 0.10.0, 0.9.0, 0.2.1, 0.2.0, 0.1.0
36 silly fetchPackageMetaData
36 silly fetchPackageMetaData     at pickVersionFromRegistryDocument (/usr/local/lib/node_modules/npm/lib/fetch-package-metadata.js:156:16)
36 silly fetchPackageMetaData     at /usr/local/lib/node_modules/npm/node_modules/iferr/index.js:13:50
36 silly fetchPackageMetaData     at /usr/local/lib/node_modules/npm/lib/utils/pulse-till-done.js:19:8
36 silly fetchPackageMetaData     at saved (/usr/local/lib/node_modules/npm/lib/cache/caching-client.js:168:7)
36 silly fetchPackageMetaData     at /usr/local/lib/node_modules/npm/node_modules/graceful-fs/polyfills.js:210:7
36 silly fetchPackageMetaData     at FSReqWrap.oncomplete (fs.js:82:15)
36 silly fetchPackageMetaData  error for node-jsx@#e01880b2a724c6d50d1de127b7ed97117ad38123 [Error: No compatible version found: node-jsx@#e01880b2a724c6d50d1de127b7ed97117ad38123
36 silly fetchPackageMetaData Valid install targets:
36 silly fetchPackageMetaData 0.13.3, 0.13.2, 0.12.4, 0.12.3, 0.12.2, 0.12.1, 0.12.0, 0.11.0, 0.10.0, 0.9.0, 0.2.1, 0.2.0, 0.1.0
36 silly fetchPackageMetaData ]
37 silly rollbackFailedOptional Starting
38 silly rollbackFailedOptional Finishing
39 silly runTopLevelLifecycles Starting
40 silly runTopLevelLifecycles Finishing
41 silly install printInstalled
42 verbose stack Error: No compatible version found: node-jsx@#e01880b2a724c6d50d1de127b7ed97117ad38123
42 verbose stack Valid install targets:
42 verbose stack 0.13.3, 0.13.2, 0.12.4, 0.12.3, 0.12.2, 0.12.1, 0.12.0, 0.11.0, 0.10.0, 0.9.0, 0.2.1, 0.2.0, 0.1.0
42 verbose stack
42 verbose stack     at pickVersionFromRegistryDocument (/usr/local/lib/node_modules/npm/lib/fetch-package-metadata.js:156:16)
42 verbose stack     at /usr/local/lib/node_modules/npm/node_modules/iferr/index.js:13:50
42 verbose stack     at /usr/local/lib/node_modules/npm/lib/utils/pulse-till-done.js:19:8
42 verbose stack     at saved (/usr/local/lib/node_modules/npm/lib/cache/caching-client.js:168:7)
42 verbose stack     at /usr/local/lib/node_modules/npm/node_modules/graceful-fs/polyfills.js:210:7
42 verbose stack     at FSReqWrap.oncomplete (fs.js:82:15)
43 verbose cwd /home/admins/projects/react-blank
44 error Linux 3.19.0-32-generic
45 error argv "/usr/local/bin/node" "/usr/local/bin/npm" "install"
46 error node v5.5.0
47 error npm  v3.3.12
48 error No compatible version found: node-jsx@#e01880b2a724c6d50d1de127b7ed97117ad38123
48 error Valid install targets:
48 error 0.13.3, 0.13.2, 0.12.4, 0.12.3, 0.12.2, 0.12.1, 0.12.0, 0.11.0, 0.10.0, 0.9.0, 0.2.1, 0.2.0, 0.1.0
49 error If you need help, you may report this error at:
49 error     <https://github.com/npm/npm/issues>
50 verbose exit [ 1, true ]
